[2018-04-04T01:26:54.768] [INFO] liri - 1: my-tweets
[2018-04-04T01:26:55.055] [INFO] tweet - ----------------------------------------------------------------
Tue Apr 03 03:36:11 +0000 2018
I once saw a forklift lift a crate of forks. And it was way to literal for me.
[2018-04-04T01:26:55.056] [INFO] tweet - ----------------------------------------------------------------
Tue Apr 03 03:36:11 +0000 2018
An escalator can never break: it can only become stairs. You should never see an Escalator Temporarily Out Of Order… https://t.co/77wOibVH8i
[2018-04-04T01:26:55.056] [INFO] tweet - ----------------------------------------------------------------
Tue Apr 03 03:36:11 +0000 2018
If carrots got you drunk, rabbits would be messed-up.
[2018-04-04T01:26:55.056] [INFO] tweet - ----------------------------------------------------------------
Tue Apr 03 03:36:11 +0000 2018
Rice is great if you're really hungry and want to eat two thousand of something.
[2018-04-04T01:26:55.056] [INFO] tweet - ----------------------------------------------------------------
Tue Apr 03 03:36:11 +0000 2018
My belt holds my pants up, but the belt loops hold my belt up. I don't really know what's happening down there. Who is the real hero?
[2018-04-04T01:26:55.056] [INFO] tweet - ----------------------------------------------------------------
Tue Apr 03 03:36:11 +0000 2018
I don't have a girlfriend. But I do know a woman who'd be mad at me for saying that.
[2018-04-04T01:26:55.056] [INFO] tweet - ----------------------------------------------------------------
Tue Apr 03 03:36:11 +0000 2018
I wanted to buy a candle holder, but the store didn't have one. So I got a cake.
[2018-04-04T01:26:55.056] [INFO] tweet - ----------------------------------------------------------------
Tue Apr 03 03:36:11 +0000 2018
My fake plants died because I did not pretend to water them.
[2018-04-04T01:26:55.056] [INFO] tweet - ----------------------------------------------------------------
Tue Apr 03 03:36:11 +0000 2018
I drank some boiling water because I wanted to whistle.
[2018-04-04T01:26:55.057] [INFO] tweet - ----------------------------------------------------------------
Tue Apr 03 03:36:11 +0000 2018
Why do they call it rush hour when nothing moves?
[2018-04-04T01:26:55.057] [INFO] tweet - ----------------------------------------------------------------
Tue Apr 03 03:36:11 +0000 2018
Procrastination is the art of keeping up with yesterday.
[2018-04-04T01:26:55.057] [INFO] tweet - ----------------------------------------------------------------
Tue Apr 03 03:36:11 +0000 2018
There cannot be a crisis next week. My schedule is already full.
[2018-04-04T01:26:55.057] [INFO] tweet - ----------------------------------------------------------------
Tue Apr 03 03:36:11 +0000 2018
A day without sunshine is like, you know, night.
[2018-04-04T01:26:55.057] [INFO] tweet - ----------------------------------------------------------------
Tue Apr 03 03:36:11 +0000 2018
When people think about computer science, they imagine people with pocket protectors and thick glasses who code all night.
[2018-04-04T01:26:55.057] [INFO] tweet - ----------------------------------------------------------------
Tue Apr 03 03:36:11 +0000 2018
We're entering a new world in which data may be more important than software.
[2018-04-04T01:26:55.057] [INFO] tweet - ----------------------------------------------------------------
Tue Apr 03 03:36:11 +0000 2018
The digital revolution is far more significant than the invention of writing or even of printing.
[2018-04-04T01:26:55.057] [INFO] tweet - ----------------------------------------------------------------
Tue Apr 03 03:36:11 +0000 2018
Computer science is no more about computers than astronomy is about telescopes.
[2018-04-04T01:26:55.057] [INFO] tweet - ----------------------------------------------------------------
Tue Apr 03 03:36:11 +0000 2018
The science of today is the technology of tomorrow.
[2018-04-04T01:26:55.057] [INFO] tweet - ----------------------------------------------------------------
Tue Apr 03 03:36:11 +0000 2018
What's happening?
[2018-04-04T01:26:55.057] [INFO] tweet - ----------------------------------------------------------------
Tue Apr 03 03:36:11 +0000 2018
Hello World!
[2018-04-04T01:27:56.344] [INFO] liri - 1: my-tweets
[2018-04-04T01:27:56.638] [INFO] tweet - ----------------------------------------------------------------
Tue Apr 03 03:36:11 +0000 2018
I once saw a forklift lift a crate of forks. And it was way to literal for me.
[2018-04-04T01:27:56.639] [INFO] tweet - ----------------------------------------------------------------
Tue Apr 03 03:36:11 +0000 2018
An escalator can never break: it can only become stairs. You should never see an Escalator Temporarily Out Of Order… https://t.co/77wOibVH8i
[2018-04-04T01:27:56.639] [INFO] tweet - ----------------------------------------------------------------
Tue Apr 03 03:36:11 +0000 2018
If carrots got you drunk, rabbits would be messed-up.
[2018-04-04T01:27:56.639] [INFO] tweet - ----------------------------------------------------------------
Tue Apr 03 03:36:11 +0000 2018
Rice is great if you're really hungry and want to eat two thousand of something.
[2018-04-04T01:27:56.639] [INFO] tweet - ----------------------------------------------------------------
Tue Apr 03 03:36:11 +0000 2018
My belt holds my pants up, but the belt loops hold my belt up. I don't really know what's happening down there. Who is the real hero?
[2018-04-04T01:27:56.639] [INFO] tweet - ----------------------------------------------------------------
Tue Apr 03 03:36:11 +0000 2018
I don't have a girlfriend. But I do know a woman who'd be mad at me for saying that.
[2018-04-04T01:27:56.639] [INFO] tweet - ----------------------------------------------------------------
Tue Apr 03 03:36:11 +0000 2018
I wanted to buy a candle holder, but the store didn't have one. So I got a cake.
[2018-04-04T01:27:56.639] [INFO] tweet - ----------------------------------------------------------------
Tue Apr 03 03:36:11 +0000 2018
My fake plants died because I did not pretend to water them.
[2018-04-04T01:27:56.639] [INFO] tweet - ----------------------------------------------------------------
Tue Apr 03 03:36:11 +0000 2018
I drank some boiling water because I wanted to whistle.
[2018-04-04T01:27:56.639] [INFO] tweet - ----------------------------------------------------------------
Tue Apr 03 03:36:11 +0000 2018
Why do they call it rush hour when nothing moves?
[2018-04-04T01:27:56.639] [INFO] tweet - ----------------------------------------------------------------
Tue Apr 03 03:36:11 +0000 2018
Procrastination is the art of keeping up with yesterday.
[2018-04-04T01:27:56.639] [INFO] tweet - ----------------------------------------------------------------
Tue Apr 03 03:36:11 +0000 2018
There cannot be a crisis next week. My schedule is already full.
[2018-04-04T01:27:56.639] [INFO] tweet - ----------------------------------------------------------------
Tue Apr 03 03:36:11 +0000 2018
A day without sunshine is like, you know, night.
[2018-04-04T01:27:56.640] [INFO] tweet - ----------------------------------------------------------------
Tue Apr 03 03:36:11 +0000 2018
When people think about computer science, they imagine people with pocket protectors and thick glasses who code all night.
[2018-04-04T01:27:56.640] [INFO] tweet - ----------------------------------------------------------------
Tue Apr 03 03:36:11 +0000 2018
We're entering a new world in which data may be more important than software.
[2018-04-04T01:27:56.640] [INFO] tweet - ----------------------------------------------------------------
Tue Apr 03 03:36:11 +0000 2018
The digital revolution is far more significant than the invention of writing or even of printing.
[2018-04-04T01:27:56.640] [INFO] tweet - ----------------------------------------------------------------
Tue Apr 03 03:36:11 +0000 2018
Computer science is no more about computers than astronomy is about telescopes.
[2018-04-04T01:27:56.640] [INFO] tweet - ----------------------------------------------------------------
Tue Apr 03 03:36:11 +0000 2018
The science of today is the technology of tomorrow.
[2018-04-04T01:27:56.640] [INFO] tweet - ----------------------------------------------------------------
Tue Apr 03 03:36:11 +0000 2018
What's happening?
[2018-04-04T01:27:56.640] [INFO] tweet - ----------------------------------------------------------------
Tue Apr 03 03:36:11 +0000 2018
Hello World!
[2018-04-04T01:29:44.605] [INFO] liri - 1: my-tweets
[2018-04-04T01:29:44.950] [INFO] tweet - ----------------------------------------------------------------
Tue Apr 03 03:36:11 +0000 2018
I once saw a forklift lift a crate of forks. And it was way to literal for me.
[2018-04-04T01:29:44.950] [INFO] tweet - ----------------------------------------------------------------
Tue Apr 03 03:36:11 +0000 2018
An escalator can never break: it can only become stairs. You should never see an Escalator Temporarily Out Of Order… https://t.co/77wOibVH8i
[2018-04-04T01:29:44.950] [INFO] tweet - ----------------------------------------------------------------
Tue Apr 03 03:36:11 +0000 2018
If carrots got you drunk, rabbits would be messed-up.
[2018-04-04T01:29:44.951] [INFO] tweet - ----------------------------------------------------------------
Tue Apr 03 03:36:11 +0000 2018
Rice is great if you're really hungry and want to eat two thousand of something.
[2018-04-04T01:29:44.951] [INFO] tweet - ----------------------------------------------------------------
Tue Apr 03 03:36:11 +0000 2018
My belt holds my pants up, but the belt loops hold my belt up. I don't really know what's happening down there. Who is the real hero?
[2018-04-04T01:29:44.951] [INFO] tweet - ----------------------------------------------------------------
Tue Apr 03 03:36:11 +0000 2018
I don't have a girlfriend. But I do know a woman who'd be mad at me for saying that.
[2018-04-04T01:29:44.951] [INFO] tweet - ----------------------------------------------------------------
Tue Apr 03 03:36:11 +0000 2018
I wanted to buy a candle holder, but the store didn't have one. So I got a cake.
[2018-04-04T01:29:44.951] [INFO] tweet - ----------------------------------------------------------------
Tue Apr 03 03:36:11 +0000 2018
My fake plants died because I did not pretend to water them.
[2018-04-04T01:29:44.951] [INFO] tweet - ----------------------------------------------------------------
Tue Apr 03 03:36:11 +0000 2018
I drank some boiling water because I wanted to whistle.
[2018-04-04T01:29:44.951] [INFO] tweet - ----------------------------------------------------------------
Tue Apr 03 03:36:11 +0000 2018
Why do they call it rush hour when nothing moves?
[2018-04-04T01:29:44.951] [INFO] tweet - ----------------------------------------------------------------
Tue Apr 03 03:36:11 +0000 2018
Procrastination is the art of keeping up with yesterday.
[2018-04-04T01:29:44.951] [INFO] tweet - ----------------------------------------------------------------
Tue Apr 03 03:36:11 +0000 2018
There cannot be a crisis next week. My schedule is already full.
[2018-04-04T01:29:44.951] [INFO] tweet - ----------------------------------------------------------------
Tue Apr 03 03:36:11 +0000 2018
A day without sunshine is like, you know, night.
[2018-04-04T01:29:44.951] [INFO] tweet - ----------------------------------------------------------------
Tue Apr 03 03:36:11 +0000 2018
When people think about computer science, they imagine people with pocket protectors and thick glasses who code all night.
[2018-04-04T01:29:44.951] [INFO] tweet - ----------------------------------------------------------------
Tue Apr 03 03:36:11 +0000 2018
We're entering a new world in which data may be more important than software.
[2018-04-04T01:29:44.952] [INFO] tweet - ----------------------------------------------------------------
Tue Apr 03 03:36:11 +0000 2018
The digital revolution is far more significant than the invention of writing or even of printing.
[2018-04-04T01:29:44.952] [INFO] tweet - ----------------------------------------------------------------
Tue Apr 03 03:36:11 +0000 2018
Computer science is no more about computers than astronomy is about telescopes.
[2018-04-04T01:29:44.952] [INFO] tweet - ----------------------------------------------------------------
Tue Apr 03 03:36:11 +0000 2018
The science of today is the technology of tomorrow.
[2018-04-04T01:29:44.952] [INFO] tweet - ----------------------------------------------------------------
Tue Apr 03 03:36:11 +0000 2018
What's happening?
[2018-04-04T01:29:44.952] [INFO] tweet - ----------------------------------------------------------------
Tue Apr 03 03:36:11 +0000 2018
Hello World!
[2018-04-04T01:30:49.752] [INFO] liri - my-tweets
[2018-04-04T01:30:49.754] [INFO] liri - elonmusk
[2018-04-04T01:30:50.100] [INFO] tweet - ----------------------------------------------------------------
Tue Apr 03 11:14:56 +0000 2018
RT @TIME: SpaceX just launched an experimental space junk sweeper into orbit https://t.co/XCQKxHqQpY
[2018-04-04T01:30:50.100] [INFO] tweet - ----------------------------------------------------------------
Tue Apr 03 11:14:56 +0000 2018
@amir Uhh, hello, I need to build cars
[2018-04-04T01:30:50.101] [INFO] tweet - ----------------------------------------------------------------
Tue Apr 03 11:14:56 +0000 2018
@amir About a year ago, I asked Doug to manage both engineering &amp; production. He agreed that Tesla needed eng &amp; pro… https://t.co/CEdLGq8Ht6
[2018-04-04T01:30:50.101] [INFO] tweet - ----------------------------------------------------------------
Tue Apr 03 11:14:56 +0000 2018
@amir Can’t believe you’re even writing about this. My job as CEO is to focus on what’s most critical, which is cur… https://t.co/vLDyiKc1yo
[2018-04-04T01:30:50.101] [INFO] tweet - ----------------------------------------------------------------
Tue Apr 03 11:14:56 +0000 2018
Liftoff in 5 mins https://t.co/Ri16pNAbX6
[2018-04-04T01:30:50.101] [INFO] tweet - ----------------------------------------------------------------
Tue Apr 03 11:14:56 +0000 2018
@vegamontesino @NoceraBV @WSJ @Tesla We release as soon as we have the data. Good timeline, bad timing. Doesn’t matter.
[2018-04-04T01:30:50.101] [INFO] tweet - ----------------------------------------------------------------
Tue Apr 03 11:14:56 +0000 2018
@NoceraBV @WSJ @Tesla Not criticizing, just as asking questions. I’m sure there’s a really great answer …
[2018-04-04T01:30:50.101] [INFO] tweet - ----------------------------------------------------------------
Tue Apr 03 11:14:56 +0000 2018
@WSJ Tesla policy is to issue a recall *before* there are injuries. This is absolutely the right thing to do. Yet t… https://t.co/WdOPhZHUSv
[2018-04-04T01:30:50.101] [INFO] tweet - ----------------------------------------------------------------
Tue Apr 03 11:14:56 +0000 2018
@OmarHoryy @TeslaMotorsClub Seriously! Obviously, I’m not going to do an April Fool’s joke about going bankwupt if… https://t.co/jv3zCxKJsP
[2018-04-04T01:30:50.101] [INFO] tweet - ----------------------------------------------------------------
Tue Apr 03 11:14:56 +0000 2018
@TeslaMotorsClub Lot of respect for NTSB, but NHTSA regulates cars, not NTSB, which is an advisory body. Tesla rele… https://t.co/RStKMakag1
[2018-04-04T01:30:50.101] [INFO] tweet - ----------------------------------------------------------------
Tue Apr 03 11:14:56 +0000 2018
RT @Teslarati: Tesla Model S navigates one of Vienna’s ‘crappiest’ roads on Autopilot https://t.co/C60brOxv5k https://t.co/CS08EwdgR1
[2018-04-04T01:30:50.101] [INFO] tweet - ----------------------------------------------------------------
Tue Apr 03 11:14:56 +0000 2018
@Teslarati @13ericralph31 @w00ki33 Oh yeah, forgot to mention it actually landed fine, just not on Mr Steven https://t.co/HckB2OkJ5L
[2018-04-04T01:30:50.101] [INFO] tweet - ----------------------------------------------------------------
Tue Apr 03 11:14:56 +0000 2018
@TommyThornton What about this? https://t.co/s5zcMvzXC7
[2018-04-04T01:30:50.102] [INFO] tweet - ----------------------------------------------------------------
Tue Apr 03 11:14:56 +0000 2018
@_iitzBrendon Elon University is a real place
[2018-04-04T01:30:50.102] [INFO] tweet - ----------------------------------------------------------------
Tue Apr 03 11:14:56 +0000 2018
RT @NASA: Tomorrow, a #Dragon atop a fiery @SpaceX rocket will deliver science that studies thunderstorms on Earth, space gardening, contro…
[2018-04-04T01:30:50.102] [INFO] tweet - ----------------------------------------------------------------
Tue Apr 03 11:14:56 +0000 2018
@vreeman Coming soon to Tesla merch. Free shots in stores every April 1st.
[2018-04-04T01:30:50.102] [INFO] tweet - ----------------------------------------------------------------
Tue Apr 03 11:14:56 +0000 2018
@AntVenom As you wish
[2018-04-04T01:30:50.102] [INFO] tweet - ----------------------------------------------------------------
Tue Apr 03 11:14:56 +0000 2018
@peteWcarle It’s the best
[2018-04-04T01:30:50.102] [INFO] tweet - ----------------------------------------------------------------
Tue Apr 03 11:14:56 +0000 2018
Elon was found passed out against a Tesla Model 3, surrounded by "Teslaquilla" bottles, the tracks of dried tears s… https://t.co/qywhwwMHju
[2018-04-04T01:30:50.102] [INFO] tweet - ----------------------------------------------------------------
Tue Apr 03 11:14:56 +0000 2018
There are many chapters of bankruptcy and, as critics so rightly pointed out, Tesla has them *all*, including Chapt… https://t.co/n3FlZiSBJY
[2018-04-04T01:30:54.482] [INFO] liri - my-tweets
[2018-04-04T01:30:54.485] [INFO] liri - Chris_DaMecca
[2018-04-04T01:31:12.192] [INFO] liri - my-tweets
[2018-04-04T01:31:12.195] [INFO] liri - Chris_DaMecca
[2018-04-04T01:31:19.712] [INFO] liri - my-tweets
[2018-04-04T01:31:19.714] [INFO] liri - elonmusk
[2018-04-04T01:31:20.503] [INFO] tweet - ----------------------------------------------------------------
Tue Apr 03 11:14:56 +0000 2018
RT @TIME: SpaceX just launched an experimental space junk sweeper into orbit https://t.co/XCQKxHqQpY
[2018-04-04T01:31:20.503] [INFO] tweet - ----------------------------------------------------------------
Tue Apr 03 11:14:56 +0000 2018
@amir Uhh, hello, I need to build cars
[2018-04-04T01:31:20.503] [INFO] tweet - ----------------------------------------------------------------
Tue Apr 03 11:14:56 +0000 2018
@amir About a year ago, I asked Doug to manage both engineering &amp; production. He agreed that Tesla needed eng &amp; pro… https://t.co/CEdLGq8Ht6
[2018-04-04T01:31:20.503] [INFO] tweet - ----------------------------------------------------------------
Tue Apr 03 11:14:56 +0000 2018
@amir Can’t believe you’re even writing about this. My job as CEO is to focus on what’s most critical, which is cur… https://t.co/vLDyiKc1yo
[2018-04-04T01:31:20.503] [INFO] tweet - ----------------------------------------------------------------
Tue Apr 03 11:14:56 +0000 2018
Liftoff in 5 mins https://t.co/Ri16pNAbX6
[2018-04-04T01:31:20.503] [INFO] tweet - ----------------------------------------------------------------
Tue Apr 03 11:14:56 +0000 2018
@vegamontesino @NoceraBV @WSJ @Tesla We release as soon as we have the data. Good timeline, bad timing. Doesn’t matter.
[2018-04-04T01:31:20.504] [INFO] tweet - ----------------------------------------------------------------
Tue Apr 03 11:14:56 +0000 2018
@NoceraBV @WSJ @Tesla Not criticizing, just as asking questions. I’m sure there’s a really great answer …
[2018-04-04T01:31:20.504] [INFO] tweet - ----------------------------------------------------------------
Tue Apr 03 11:14:56 +0000 2018
@WSJ Tesla policy is to issue a recall *before* there are injuries. This is absolutely the right thing to do. Yet t… https://t.co/WdOPhZHUSv
[2018-04-04T01:31:20.504] [INFO] tweet - ----------------------------------------------------------------
Tue Apr 03 11:14:56 +0000 2018
@OmarHoryy @TeslaMotorsClub Seriously! Obviously, I’m not going to do an April Fool’s joke about going bankwupt if… https://t.co/jv3zCxKJsP
[2018-04-04T01:31:20.504] [INFO] tweet - ----------------------------------------------------------------
Tue Apr 03 11:14:56 +0000 2018
@TeslaMotorsClub Lot of respect for NTSB, but NHTSA regulates cars, not NTSB, which is an advisory body. Tesla rele… https://t.co/RStKMakag1
[2018-04-04T01:31:20.504] [INFO] tweet - ----------------------------------------------------------------
Tue Apr 03 11:14:56 +0000 2018
RT @Teslarati: Tesla Model S navigates one of Vienna’s ‘crappiest’ roads on Autopilot https://t.co/C60brOxv5k https://t.co/CS08EwdgR1
[2018-04-04T01:31:20.504] [INFO] tweet - ----------------------------------------------------------------
Tue Apr 03 11:14:56 +0000 2018
@Teslarati @13ericralph31 @w00ki33 Oh yeah, forgot to mention it actually landed fine, just not on Mr Steven https://t.co/HckB2OkJ5L
[2018-04-04T01:31:20.504] [INFO] tweet - ----------------------------------------------------------------
Tue Apr 03 11:14:56 +0000 2018
@TommyThornton What about this? https://t.co/s5zcMvzXC7
[2018-04-04T01:31:20.504] [INFO] tweet - ----------------------------------------------------------------
Tue Apr 03 11:14:56 +0000 2018
@_iitzBrendon Elon University is a real place
[2018-04-04T01:31:20.504] [INFO] tweet - ----------------------------------------------------------------
Tue Apr 03 11:14:56 +0000 2018
RT @NASA: Tomorrow, a #Dragon atop a fiery @SpaceX rocket will deliver science that studies thunderstorms on Earth, space gardening, contro…
[2018-04-04T01:31:20.504] [INFO] tweet - ----------------------------------------------------------------
Tue Apr 03 11:14:56 +0000 2018
@vreeman Coming soon to Tesla merch. Free shots in stores every April 1st.
[2018-04-04T01:31:20.504] [INFO] tweet - ----------------------------------------------------------------
Tue Apr 03 11:14:56 +0000 2018
@AntVenom As you wish
[2018-04-04T01:31:20.504] [INFO] tweet - ----------------------------------------------------------------
Tue Apr 03 11:14:56 +0000 2018
@peteWcarle It’s the best
[2018-04-04T01:31:20.504] [INFO] tweet - ----------------------------------------------------------------
Tue Apr 03 11:14:56 +0000 2018
Elon was found passed out against a Tesla Model 3, surrounded by "Teslaquilla" bottles, the tracks of dried tears s… https://t.co/qywhwwMHju
[2018-04-04T01:31:20.504] [INFO] tweet - ----------------------------------------------------------------
Tue Apr 03 11:14:56 +0000 2018
There are many chapters of bankruptcy and, as critics so rightly pointed out, Tesla has them *all*, including Chapt… https://t.co/n3FlZiSBJY
